#
# A fatal error has been detected by the Java Runtime Environment:
#
#  EXCEPTION_ACCESS_VIOLATION (0xc0000005) at pc=0x0000000180011066, pid=22988, tid=9764
#
# JRE version: OpenJDK Runtime Environment Temurin-21.0.5+11 (21.0.5+11) (build 21.0.5+11-LTS)
# Java VM: OpenJDK 64-Bit Server VM Temurin-21.0.5+11 (21.0.5+11-LTS, mixed mode, sharing, tiered, compressed oops, compressed class ptrs, g1 gc, windows-amd64)
# Problematic frame:
# C  [OpenAL64.dll+0x11066]
#
# No core dump will be written. Minidumps are not enabled by default on client versions of Windows
#
# If you would like to submit a bug report, please visit:
#   https://github.com/adoptium/adoptium-support/issues
# The crash happened outside the Java Virtual Machine in native code.
# See problematic frame for where to report the bug.
#

---------------  S U M M A R Y ------------

Command Line: -Dfile.encoding=UTF-8 --module-path=C:\Users\dayan\OneDrive\Documentos\Videojuegos\Regreso-a-Casa\build\classes mygame.Main

Host: AMD Ryzen 5 5500U with Radeon Graphics         , 12 cores, 5G,  Windows 11 , 64 bit Build 22621 (10.0.22621.5262)
Time: Thu Jun  5 21:52:40 2025 Hora estándar central (México) elapsed time: 2.860057 seconds (0d 0h 0m 2s)

---------------  T H R E A D  ---------------

Current thread (0x00000260c85f8410):  JavaThread "jME3 Main"        [_thread_in_native, id=9764, stack(0x000000cb4c700000,0x000000cb4c800000) (1024K)]

Stack: [0x000000cb4c700000,0x000000cb4c800000],  sp=0x000000cb4c7fe9c0,  free space=1018k
Native frames: (J=compiled Java code, j=interpreted, Vv=VM code, C=native code)
C  [OpenAL64.dll+0x11066]

Java frames: (J=compiled Java code, j=interpreted, Vv=VM code)
j  org.lwjgl.openal.ALC10.nalcCreateContext(JJ)J+0
j  org.lwjgl.openal.ALC10.alcCreateContext(Lorg/lwjgl/openal/ALCdevice;Ljava/nio/IntBuffer;)Lorg/lwjgl/openal/ALCcontext;+8
j  org.lwjgl.openal.AL.init(Ljava/lang/String;IIZZ)V+69
j  org.lwjgl.openal.AL.create(Ljava/lang/String;IIZZ)V+245
j  org.lwjgl.openal.AL.create(Ljava/lang/String;IIZ)V+5
j  org.lwjgl.openal.AL.create()V+6
j  com.jme3.audio.lwjgl.LwjglALC.createALC()V+5
j  com.jme3.audio.openal.ALAudioRenderer.initOpenAL()V+16
j  com.jme3.audio.openal.ALAudioRenderer.initialize()V+22
j  com.jme3.app.LegacyApplication.initAudio()V+40
j  com.jme3.app.LegacyApplication.initialize()V+31
j  com.jme3.app.SimpleApplication.initialize()V+1
j  com.jme3.system.lwjgl.LwjglAbstractDisplay.initInThread()Z+114
j  com.jme3.system.lwjgl.LwjglAbstractDisplay.run()V+36
j  java.lang.Thread.runWith(Ljava/lang/Object;Ljava/lang/Runnable;)V+5 java.base@21.0.5
j  java.lang.Thread.run()V+19 java.base@21.0.5
v  ~StubRoutines::call_stub 0x00000260f53f100d

siginfo: EXCEPTION_ACCESS_VIOLATION (0xc0000005), reading address 0x00000260d2a70004


Registers:
RAX=0x0000000000000004, RBX=0x00000260d4c90090, RCX=0x00000260d2a70008, RDX=0x00000260d2a70004
RSP=0x000000cb4c7fe9c0, RBP=0x00000000000000ff, RSI=0x00000260d2a6fc1c, RDI=0x0000000000000000
R8 =0x00000000000000fa, R9 =0x00000260d2a6fc1c, R10=0x00000260f53fce1c, R11=0x00000000a31c0238
R12=0x0000000000000001, R13=0x00000260c4e41e68, R14=0x000000cb4c7feb68, R15=0x00000260c85f8410
RIP=0x0000000180011066, EFLAGS=0x0000000000010202


Register to memory mapping:

RAX=0x0000000000000004 is an unknown value
RBX=0x00000260d4c90090 points into unknown readable memory: 0x0000000100000002 | 02 00 00 00 01 00 00 00
RCX=0x00000260d2a70008 is an unknown value
RDX=0x00000260d2a70004 is an unknown value
RSP=0x000000cb4c7fe9c0 is pointing into the stack for thread: 0x00000260c85f8410
RBP=0x00000000000000ff is an unknown value
RSI=0x00000260d2a6fc1c points into unknown readable memory: a4 00 51 2a
RDI=0x0 is null
R8 =0x00000000000000fa is an unknown value
R9 =0x00000260d2a6fc1c points into unknown readable memory: a4 00 51 2a
R10=0x00000260f53fce1c is at code_begin+1020 in an Interpreter codelet
native method entry point (kind = native)  [0x00000260f53fca20, 0x00000260f53fd548]  2856 bytes
R11=0x00000000a31c0238 is an oop: java.lang.Class 
{0x00000000a31c0238} - klass: 'java/lang/Class'
 - ---- fields (total size 25 words):
 - private volatile transient 'classRedefinedCount' 'I' @12  0 (0x00000000)
 - injected 'klass' 'J' @16  2613556355976 (0x0000026084192388)
 - injected 'array_klass' 'J' @24  0 (0x0000000000000000)
 - injected 'oop_size' 'I' @32  25 (0x00000019)
 - injected 'static_oop_field_count' 'I' @36  2 (0x00000002)
 - private volatile transient 'cachedConstructor' 'Ljava/lang/reflect/Constructor;' @40  null (0x00000000)
 - private transient 'name' 'Ljava/lang/String;' @44  "org.lwjgl.openal.ALC10"{0x00000000a31c0310} (0xa31c0310)
 - private transient 'module' 'Ljava/lang/Module;' @48  a 'java/lang/Module'{0x00000000a2618a50} (0xa2618a50)
 - private final 'classLoader' 'Ljava/lang/ClassLoader;' @52  a 'jdk/internal/loader/ClassLoaders$AppClassLoader'{0x00000000a2618890} (0xa2618890)
 - private transient 'classData' 'Ljava/lang/Object;' @56  null (0x00000000)
 - private transient 'packageName' 'Ljava/lang/String;' @60  "org.lwjgl.openal"{0x00000000a319f468} (0xa319f468)
 - private final 'componentType' 'Ljava/lang/Class;' @64  null (0x00000000)
 - private volatile transient 'reflectionData' 'Ljava/lang/ref/SoftReference;' @68  null (0x00000000)
 - private volatile transient 'genericInfo' 'Lsun/reflect/generics/repository/ClassRepository;' @72  null (0x00000000)
 - private volatile transient 'enumConstants' '[Ljava/lang/Object;' @76  null (0x00000000)
 - private volatile transient 'enumConstantDirectory' 'Ljava/util/Map;' @80  null (0x00000000)
 - private volatile transient 'annotationData' 'Ljava/lang/Class$AnnotationData;' @84  null (0x00000000)
 - private volatile transient 'annotationType' 'Lsun/reflect/annotation/AnnotationType;' @88  null (0x00000000)
 - transient 'classValueMap' 'Ljava/lang/ClassValue$ClassValueMap;' @92  null (0x00000000)
 - injected 'protection_domain' 'Ljava/lang/Object;' @96  a 'java/security/ProtectionDomain'{0x00000000a2f1e078} (0xa2f1e078)
 - injected 'signers_name' 'Ljava/lang/Object;' @100  null (0x00000000)
 - injected 'source_file' 'Ljava/lang/Object;' @104  null (0x00000000)
 - injected '<init_lock>' 'Ljava/lang/Object;' @108  null (0x00000000)
 - signature: Lorg/lwjgl/openal/ALC10;
 - ---- static fields (2):
 - static final 'contexts' 'Ljava/util/HashMap;' @112  a 'java/util/HashMap'{0x00000000a31c0388} (0xa31c0388)
 - static final 'devices' 'Ljava/util/HashMap;' @116  a 'java/util/HashMap'{0x00000000a31c03b8} (0xa31c03b8)
 - public static final 'ALC_INVALID' 'I' @120  0 (0x00000000)
 - public static final 'ALC_FALSE' 'I' @124  0 (0x00000000)
 - public static final 'ALC_TRUE' 'I' @128  1 (0x00000001)
 - public static final 'ALC_NO_ERROR' 'I' @132  0 (0x00000000)
 - public static final 'ALC_MAJOR_VERSION' 'I' @136  4096 (0x00001000)
 - public static final 'ALC_MINOR_VERSION' 'I' @140  4097 (0x00001001)
 - public static final 'ALC_ATTRIBUTES_SIZE' 'I' @144  4098 (0x00001002)
 - public static final 'ALC_ALL_ATTRIBUTES' 'I' @148  4099 (0x00001003)
 - public static final 'ALC_DEFAULT_DEVICE_SPECIFIER' 'I' @152  4100 (0x00001004)
 - public static final 'ALC_DEVICE_SPECIFIER' 'I' @156  4101 (0x00001005)
 - public static final 'ALC_EXTENSIONS' 'I' @160  4102 (0x00001006)
 - public static final 'ALC_FREQUENCY' 'I' @164  4103 (0x00001007)
 - public static final 'ALC_REFRESH' 'I' @168  4104 (0x00001008)
 - public static final 'ALC_SYNC' 'I' @172  4105 (0x00001009)
 - public static final 'ALC_INVALID_DEVICE' 'I' @176  40961 (0x0000a001)
 - public static final 'ALC_INVALID_CONTEXT' 'I' @180  40962 (0x0000a002)
 - public static final 'ALC_INVALID_ENUM' 'I' @184  40963 (0x0000a003)
 - public static final 'ALC_INVALID_VALUE' 'I' @188  40964 (0x0000a004)
 - public static final 'ALC_OUT_OF_MEMORY' 'I' @192  40965 (0x0000a005)
R12=0x0000000000000001 is an unknown value
R13={method} {0x00000260c4e41e70} 'nalcCreateContext' '(JJ)J' in 'org/lwjgl/openal/ALC10'
R14=0x000000cb4c7feb68 is pointing into the stack for thread: 0x00000260c85f8410
R15=0x00000260c85f8410 is a thread

Top of Stack: (sp=0x000000cb4c7fe9c0)
0x000000cb4c7fe9c0:   00000260c4e41e68 00000260c85f8410
0x000000cb4c7fe9d0:   0000000200000004 0000000000000002
0x000000cb4c7fe9e0:   00000260829404e0 0000002800000003
0x000000cb4c7fe9f0:   000000cb4c7feb68 00000260c4e41e68
0x000000cb4c7fea00:   0000000000000000 0000000000000010
0x000000cb4c7fea10:   0000000000000616 00000260c85f8410
0x000000cb4c7fea20:   000000cb4c7feb30 00007ffd0ff875f5
0x000000cb4c7fea30:   00000260c85f8410 000000cb4c7feb68
0x000000cb4c7fea40:   00000260c4e41e68 0000000000000000
0x000000cb4c7fea50:   00000260d2a6fc1c 0000000000000616
0x000000cb4c7fea60:   000000cb4c7feb30 000000018001248f
0x000000cb4c7fea70:   00000260d4c90090 00000260d4c90090
0x000000cb4c7fea80:   000002600000ac44 00007ffd00000004
0x000000cb4c7fea90:   0000000000000010 00000260f53fce4b
0x000000cb4c7feaa0:   00000260c4e41e68 000000cb4c7feb68
0x000000cb4c7feab0:   0000000000000010 00000260f53fcb37
0x000000cb4c7feac0:   00000260c4e41e68 0000000000000616
0x000000cb4c7fead0:   00000260c4a4a200 0000000000000000
0x000000cb4c7feae0:   00000260f53fcadf 000000cb4c7feae8
0x000000cb4c7feaf0:   00000260c4e41e68 0000000000000007
0x000000cb4c7feb00:   00000260c4e42f40 0000000000000000
0x000000cb4c7feb10:   00000000a31c0238 00000260c4e41e68
0x000000cb4c7feb20:   0000000000000000 000000cb4c7feb50
0x000000cb4c7feb30:   000000cb4c7febb8 00000260f53f893e
0x000000cb4c7feb40:   00000000a31c0238 00000260f53fa3d6
0x000000cb4c7feb50:   00000260d2a6fc1c 0000000000000000
0x000000cb4c7feb60:   00000260d4c90090 0000000000000000
0x000000cb4c7feb70:   000000cb4c7feb70 00000260c4e41d18
0x000000cb4c7feb80:   0000000000000008 00000260c4e42f40
0x000000cb4c7feb90:   0000000000000000 00000000a31c0238
0x000000cb4c7feba0:   00000260c4e41db0 000000cb4c7feb50
0x000000cb4c7febb0:   000000cb4c7febf0 000000cb4c7fec48 

Instructions: (pc=0x0000000180011066)
0x0000000180010f66:   b0 00 00 00 0f ba a3 fc 00 00 00 1f 44 89 9c 24
0x0000000180010f76:   b0 00 00 00 73 15 48 8b 83 f8 61 01 00 48 8b cb
0x0000000180010f86:   ff 50 20 44 8b 9c 24 b0 00 00 00 0f ba b3 fc 00
0x0000000180010f96:   00 00 1f 44 89 7b 38 44 89 6b 44 44 89 73 48 e9
0x0000000180010fa6:   56 01 00 00 83 3d 4f 94 04 00 02 0f 8c 8e fe ff
0x0000000180010fb6:   ff 4c 8d 05 a2 2c 03 00 e9 6f fe ff ff 48 3b d7
0x0000000180010fc6:   0f 84 3f 01 00 00 39 3a 0f 84 37 01 00 00 0f ba
0x0000000180010fd6:   a1 fc 00 00 00 1f 73 0a 48 8b 81 f8 61 01 00 ff
0x0000000180010fe6:   50 20 8b 43 38 0f ba b3 fc 00 00 00 1f 8b 6b 64
0x0000000180010ff6:   44 8b 63 68 89 84 24 c0 00 00 00 8b 43 6c 89 84
0x0000000180011006:   24 c8 00 00 00 4c 8b c7 39 3e 74 58 48 8b d6 48
0x0000000180011016:   8d 4e 04 81 3a 07 10 00 00 75 10 8b 01 83 8b fc
0x0000000180011026:   00 00 00 02 89 84 24 c0 00 00 00 81 3a 11 10 00
0x0000000180011036:   00 75 10 8b 6b 5c 44 8b 21 44 3b e5 44 0f 47 e5
0x0000000180011046:   41 2b ec 81 3a 03 00 02 00 75 09 8b 01 89 84 24
0x0000000180011056:   c8 00 00 00 49 83 c0 02 48 83 c1 08 4a 8d 14 86
0x0000000180011066:   39 3a 75 af 4c 8d 84 24 c0 00 00 00 48 8d 15 d7
0x0000000180011076:   2b 03 00 33 c9 e8 58 5f 00 00 b8 40 1f 00 00 4c
0x0000000180011086:   8d 84 24 c8 00 00 00 39 84 24 c0 00 00 00 48 8d
0x0000000180011096:   15 e9 2b 03 00 0f 47 84 24 c0 00 00 00 33 c9 89
0x00000001800110a6:   84 24 c0 00 00 00 e8 27 5f 00 00 8b 43 3c 44 8b
0x00000001800110b6:   84 24 c0 00 00 00 8b 4b 38 41 bb 04 00 00 00 44
0x00000001800110c6:   39 9c 24 c8 00 00 00 44 0f 42 9c 24 c8 00 00 00
0x00000001800110d6:   33 d2 44 89 9c 24 c8 00 00 00 49 0f af c0 48 f7
0x00000001800110e6:   f1 89 43 3c f6 05 43 b6 04 00 01 74 09 83 c0 03
0x00000001800110f6:   83 e0 fc 89 43 3c 44 89 43 38 44 89 5b 6c 44 89
0x0000000180011106:   63 68 89 6b 64 44 8b 9b fc 00 00 00 41 0f ba e3
0x0000000180011116:   1f 0f 82 6a 05 00 00 44 8b 6b 38 8b 6b 44 44 8b
0x0000000180011126:   63 48 41 bf 03 00 00 00 48 8d 35 5b 2b 03 00 4c
0x0000000180011136:   8d 35 80 dc 02 00 44 39 3d bd 92 04 00 0f 8c 81
0x0000000180011146:   00 00 00 4c 8d 15 88 28 03 00 4c 8d 35 f5 2a 03
0x0000000180011156:   00 41 f6 c3 02 4d 8b ca 41 8b cc 4d 0f 45 ce e8 


Stack slot to memory mapping:

stack at sp + 0 slots: {method} {0x00000260c4e41e70} 'nalcCreateContext' '(JJ)J' in 'org/lwjgl/openal/ALC10'
stack at sp + 1 slots: 0x00000260c85f8410 is a thread
stack at sp + 2 slots: 0x0000000200000004 is an unknown value
stack at sp + 3 slots: 0x0000000000000002 is an unknown value
stack at sp + 4 slots: 0x00000260829404e0 points into unknown readable memory: 0x6e616c2e6176616a | 6a 61 76 61 2e 6c 61 6e
stack at sp + 5 slots: 0x0000002800000003 is an unknown value
stack at sp + 6 slots: 0x000000cb4c7feb68 is pointing into the stack for thread: 0x00000260c85f8410
stack at sp + 7 slots: {method} {0x00000260c4e41e70} 'nalcCreateContext' '(JJ)J' in 'org/lwjgl/openal/ALC10'


---------------  P R O C E S S  ---------------

Threads class SMR info:
_java_thread_list=0x00000260c8738510, length=19, elements={
0x00000260825bbec0, 0x00000260825bc720, 0x00000260825bf0f0, 0x00000260825bf880,
0x00000260825c6310, 0x00000260825d38a0, 0x00000260825d9a50, 0x00000260825e15f0,
0x000002608263e890, 0x00000260828a8310, 0x00000260829bb630, 0x00000260829bbc90,
0x0000026082b6aff0, 0x0000026082b798f0, 0x00000260c831cda0, 0x00000260c8547240,
0x00000260c858b3e0, 0x00000260c85f8410, 0x00000260c85f9e50
}

Java Threads: ( => current thread )
  0x00000260825bbec0 JavaThread "Reference Handler"          daemon [_thread_blocked, id=10884, stack(0x000000cb4a400000,0x000000cb4a500000) (1024K)]
  0x00000260825bc720 JavaThread "Finalizer"                  daemon [_thread_blocked, id=5080, stack(0x000000cb4a500000,0x000000cb4a600000) (1024K)]
  0x00000260825bf0f0 JavaThread "Signal Dispatcher"          daemon [_thread_blocked, id=14632, stack(0x000000cb4a600000,0x000000cb4a700000) (1024K)]
  0x00000260825bf880 JavaThread "Attach Listener"            daemon [_thread_blocked, id=15288, stack(0x000000cb4a700000,0x000000cb4a800000) (1024K)]
  0x00000260825c6310 JavaThread "Service Thread"             daemon [_thread_blocked, id=3760, stack(0x000000cb4a800000,0x000000cb4a900000) (1024K)]
  0x00000260825d38a0 JavaThread "Monitor Deflation Thread"   daemon [_thread_blocked, id=13208, stack(0x000000cb4a900000,0x000000cb4aa00000) (1024K)]
  0x00000260825d9a50 JavaThread "C2 CompilerThread0"         daemon [_thread_blocked, id=2984, stack(0x000000cb4aa00000,0x000000cb4ab00000) (1024K)]
  0x00000260825e15f0 JavaThread "C1 CompilerThread0"         daemon [_thread_blocked, id=23976, stack(0x000000cb4ab00000,0x000000cb4ac00000) (1024K)]
  0x000002608263e890 JavaThread "Common-Cleaner"             daemon [_thread_blocked, id=22576, stack(0x000000cb4ac00000,0x000000cb4ad00000) (1024K)]
  0x00000260828a8310 JavaThread "Notification Thread"        daemon [_thread_blocked, id=23604, stack(0x000000cb4ad00000,0x000000cb4ae00000) (1024K)]
  0x00000260829bb630 JavaThread "Java2D Disposer"            daemon [_thread_blocked, id=18008, stack(0x000000cb4af00000,0x000000cb4b000000) (1024K)]
  0x00000260829bbc90 JavaThread "AWT-Shutdown"                      [_thread_blocked, id=23640, stack(0x000000cb4b000000,0x000000cb4b100000) (1024K)]
  0x0000026082b6aff0 JavaThread "AWT-Windows"                daemon [_thread_in_native, id=20196, stack(0x000000cb4b100000,0x000000cb4b200000) (1024K)]
  0x0000026082b798f0 JavaThread "AWT-EventQueue-0"                  [_thread_blocked, id=2944, stack(0x000000cb4b200000,0x000000cb4b300000) (1024K)]
  0x00000260c831cda0 JavaThread "Image Fetcher 0"            daemon [_thread_blocked, id=1296, stack(0x000000cb4bd00000,0x000000cb4be00000) (1024K)]
  0x00000260c8547240 JavaThread "D3D Screen Updater"         daemon [_thread_blocked, id=11136, stack(0x000000cb4be00000,0x000000cb4bf00000) (1024K)]
  0x00000260c858b3e0 JavaThread "TimerQueue"                 daemon [_thread_blocked, id=23252, stack(0x000000cb4ae00000,0x000000cb4af00000) (1024K)]
=>0x00000260c85f8410 JavaThread "jME3 Main"                         [_thread_in_native, id=9764, stack(0x000000cb4c700000,0x000000cb4c800000) (1024K)]
  0x00000260c85f9e50 JavaThread "DestroyJavaVM"                     [_thread_blocked, id=17752, stack(0x000000cb49c00000,0x000000cb49d00000) (1024K)]
Total: 19

Other Threads:
  0x00000260e3df0d10 VMThread "VM Thread"                           [id=20628, stack(0x000000cb4a300000,0x000000cb4a400000) (1024K)]
  0x0000026082592e90 WatcherThread "VM Periodic Task Thread"        [id=7352, stack(0x000000cb4a200000,0x000000cb4a300000) (1024K)]
  0x00000260e3df1b90 WorkerThread "GC Thread#0"                     [id=19976, stack(0x000000cb49d00000,0x000000cb49e00000) (1024K)]
  0x00000260c8532340 WorkerThread "GC Thread#1"                     [id=3084, stack(0x000000cb4bf00000,0x000000cb4c000000) (1024K)]
  0x00000260c85309e0 WorkerThread "GC Thread#2"                     [id=12476, stack(0x000000cb4c000000,0x000000cb4c100000) (1024K)]
  0x00000260c8530d80 WorkerThread "GC Thread#3"                     [id=23936, stack(0x000000cb4c100000,0x000000cb4c200000) (1024K)]
  0x00000260c8532a80 WorkerThread "GC Thread#4"                     [id=12696, stack(0x000000cb4c200000,0x000000cb4c300000) (1024K)]
  0x00000260c8531c00 WorkerThread "GC Thread#5"                     [id=12488, stack(0x000000cb4c300000,0x000000cb4c400000) (1024K)]
  0x00000260c8531120 WorkerThread "GC Thread#6"                     [id=23132, stack(0x000000cb4c400000,0x000000cb4c500000) (1024K)]
  0x00000260c8531860 WorkerThread "GC Thread#7"                     [id=18180, stack(0x000000cb4c500000,0x000000cb4c600000) (1024K)]
  0x00000260c8531fa0 WorkerThread "GC Thread#8"                     [id=17696, stack(0x000000cb4c600000,0x000000cb4c700000) (1024K)]
  0x00000260c85326e0 WorkerThread "GC Thread#9"                     [id=19336, stack(0x000000cb4cc00000,0x000000cb4cd00000) (1024K)]
  0x00000260e4034140 ConcurrentGCThread "G1 Main Marker"            [id=20076, stack(0x000000cb49e00000,0x000000cb49f00000) (1024K)]
  0x00000260e3df0970 WorkerThread "G1 Conc#0"                       [id=23808, stack(0x000000cb49f00000,0x000000cb4a000000) (1024K)]
  0x00000260e409e9c0 ConcurrentGCThread "G1 Refine#0"               [id=24292, stack(0x000000cb4a000000,0x000000cb4a100000) (1024K)]
  0x0000026082469360 ConcurrentGCThread "G1 Service"                [id=10196, stack(0x000000cb4a100000,0x000000cb4a200000) (1024K)]
Total: 16

Threads with active compile tasks:
Total: 0

VM state: not at safepoint (normal execution)

VM Mutex/Monitor currently owned by a thread: None

Heap address: 0x00000000a2200000, size: 1502 MB, Compressed Oops mode: 32-bit

CDS archive(s) mapped at: [0x0000026083000000-0x0000026083c80000-0x0000026083c80000), size 13107200, SharedBaseAddress: 0x0000026083000000, ArchiveRelocationMode: 1.
Compressed class space mapped at: 0x0000026084000000-0x00000260c4000000, reserved size: 1073741824
Narrow klass base: 0x0000026083000000, Narrow klass shift: 0, Narrow klass range: 0x100000000

GC Precious Log:
 CardTable entry size: 512
 Card Set container configuration: InlinePtr #cards 5 size 8 Array Of Cards #cards 12 size 40 Howl #buckets 4 coarsen threshold 1843 Howl Bitmap #cards 512 size 80 coarsen threshold 460 Card regions per heap region 1 cards per card region 2048
 CPUs: 12 total, 12 available
 Memory: 6005M
 Large Page Support: Disabled
 NUMA Support: Disabled
 Compressed Oops: Enabled (32-bit)
 Heap Region Size: 1M
 Heap Min Capacity: 8M
 Heap Initial Capacity: 94M
 Heap Max Capacity: 1502M
 Pre-touch: Disabled
 Parallel Workers: 10
 Concurrent Workers: 3
 Concurrent Refinement Workers: 10
 Periodic GC: Disabled

Heap:
 garbage-first heap   total 20480K, used 9607K [0x00000000a2200000, 0x0000000100000000)
  region size 1024K, 6 young (6144K), 1 survivors (1024K)
 Metaspace       used 15121K, committed 15360K, reserved 1114112K
  class space    used 1555K, committed 1664K, reserved 1048576K

Heap Regions: E=young(eden), S=young(survivor), O=old, HS=humongous(starts), HC=humongous(continues), CS=collection set, F=free, TAMS=top-at-mark-start, PB=parsable bottom
|   0|0x00000000a2200000, 0x00000000a2300000, 0x00000000a2300000|100%|HS|  |TAMS 0x00000000a2200000| PB 0x00000000a2200000| Untracked 
|   1|0x00000000a2300000, 0x00000000a2400000, 0x00000000a2400000|100%|HC|  |TAMS 0x00000000a2300000| PB 0x00000000a2300000| Untracked 
|   2|0x00000000a2400000, 0x00000000a24f6158, 0x00000000a2500000| 96%| O|  |TAMS 0x00000000a2400000| PB 0x00000000a2400000| Untracked 
|   3|0x00000000a2500000, 0x00000000a25fff38, 0x00000000a2600000| 99%| O|  |TAMS 0x00000000a2500000| PB 0x00000000a2500000| Untracked 
|   4|0x00000000a2600000, 0x00000000a26195b0, 0x00000000a2700000|  9%| O|  |TAMS 0x00000000a2600000| PB 0x00000000a2600000| Untracked 
|   5|0x00000000a2700000, 0x00000000a27ffff0, 0x00000000a2800000| 99%| O|  |TAMS 0x00000000a2700000| PB 0x00000000a2700000| Untracked 
|   6|0x00000000a2800000, 0x00000000a2852760, 0x00000000a2900000| 32%| O|  |TAMS 0x00000000a2800000| PB 0x00000000a2800000| Untracked 
|   7|0x00000000a2900000, 0x00000000a2900000, 0x00000000a2a00000|  0%| F|  |TAMS 0x00000000a2900000| PB 0x00000000a2900000| Untracked 
|   8|0x00000000a2a00000, 0x00000000a2a00000, 0x00000000a2b00000|  0%| F|  |TAMS 0x00000000a2a00000| PB 0x00000000a2a00000| Untracked 
|   9|0x00000000a2b00000, 0x00000000a2b00000, 0x00000000a2c00000|  0%| F|  |TAMS 0x00000000a2b00000| PB 0x00000000a2b00000| Untracked 
|  10|0x00000000a2c00000, 0x00000000a2c00000, 0x00000000a2d00000|  0%| F|  |TAMS 0x00000000a2c00000| PB 0x00000000a2c00000| Untracked 
|  11|0x00000000a2d00000, 0x00000000a2d00000, 0x00000000a2e00000|  0%| F|  |TAMS 0x00000000a2d00000| PB 0x00000000a2d00000| Untracked 
|  12|0x00000000a2e00000, 0x00000000a2e00000, 0x00000000a2f00000|  0%| F|  |TAMS 0x00000000a2e00000| PB 0x00000000a2e00000| Untracked 
|  13|0x00000000a2f00000, 0x00000000a3000000, 0x00000000a3000000|100%| S|CS|TAMS 0x00000000a2f00000| PB 0x00000000a2f00000| Complete 
|  14|0x00000000a3000000, 0x00000000a3000000, 0x00000000a3100000|  0%| F|  |TAMS 0x00000000a3000000| PB 0x00000000a3000000| Untracked 
|  15|0x00000000a3100000, 0x00000000a31d2978, 0x00000000a3200000| 82%| E|  |TAMS 0x00000000a3100000| PB 0x00000000a3100000| Complete 
|  16|0x00000000a3200000, 0x00000000a3300000, 0x00000000a3300000|100%| E|CS|TAMS 0x00000000a3200000| PB 0x00000000a3200000| Complete 
|  17|0x00000000a3300000, 0x00000000a3400000, 0x00000000a3400000|100%| E|  |TAMS 0x00000000a3300000| PB 0x00000000a3300000| Complete 
|  18|0x00000000a3400000, 0x00000000a3500000, 0x00000000a3500000|100%| E|CS|TAMS 0x00000000a3400000| PB 0x00000000a3400000| Complete 
|  19|0x00000000a3500000, 0x00000000a3600000, 0x00000000a3600000|100%| E|CS|TAMS 0x00000000a3500000| PB 0x00000000a3500000| Complete 

Card table byte_map: [0x00000260fde40000,0x00000260fe130000] _byte_map_base: 0x00000260fd92f000

Marking Bits: (CMBitMap*) 0x00000260e4027ca0
 Bits: [0x00000260fe130000, 0x00000260ff8a8000)

Polling page: 0x00000260e40a0000

Metaspace:

Usage:
  Non-class:     13.25 MB used.
      Class:      1.52 MB used.
       Both:     14.77 MB used.

Virtual space:
  Non-class space:       64.00 MB reserved,      13.38 MB ( 21%) committed,  1 nodes.
      Class space:        1.00 GB reserved,       1.62 MB ( <1%) committed,  1 nodes.
             Both:        1.06 GB reserved,      15.00 MB (  1%) committed. 

Chunk freelists:
   Non-Class:  1.72 MB
       Class:  14.42 MB
        Both:  16.14 MB

MaxMetaspaceSize: unlimited
CompressedClassSpaceSize: 1.00 GB
Initial GC threshold: 21.00 MB
Current GC threshold: 21.00 MB
CDS: on
 - commit_granule_bytes: 65536.
 - commit_granule_words: 8192.
 - virtual_space_node_default_size: 8388608.
 - enlarge_chunks_in_place: 1.
 - use_allocation_guard: 0.


Internal statistics:

num_allocs_failed_limit: 0.
num_arena_births: 190.
num_arena_deaths: 0.
num_vsnodes_births: 2.
num_vsnodes_deaths: 0.
num_space_committed: 238.
num_space_uncommitted: 0.
num_chunks_returned_to_freelist: 0.
num_chunks_taken_from_freelist: 387.
num_chunk_merges: 0.
num_chunk_splits: 245.
num_chunks_enlarged: 152.
num_inconsistent_stats: 0.

CodeHeap 'non-profiled nmethods': size=120000Kb used=635Kb max_used=635Kb free=119364Kb
 bounds [0x00000260f5990000, 0x00000260f5c00000, 0x00000260fcec0000]
CodeHeap 'profiled nmethods': size=120000Kb used=2922Kb max_used=2922Kb free=117077Kb
 bounds [0x00000260edec0000, 0x00000260ee1a0000, 0x00000260f53f0000]
CodeHeap 'non-nmethods': size=5760Kb used=1742Kb max_used=1757Kb free=4017Kb
 bounds [0x00000260f53f0000, 0x00000260f5660000, 0x00000260f5990000]
 total_blobs=2623 nmethods=1844 adapters=684
 compilation: enabled
              stopped_count=0, restarted_count=0
 full_count=0

Compilation events (20 events):
Event: 2.833 Thread 0x00000260825e15f0 1923       3       java.util.zip.ZipFile$InflaterCleanupAction::run (12 bytes)
Event: 2.833 Thread 0x00000260825e15f0 nmethod 1923 0x00000260ee196f90 code [0x00000260ee197140, 0x00000260ee1972a0]
Event: 2.833 Thread 0x00000260825e15f0 1924   !   3       java.util.zip.ZipFile$ZipFileInflaterInputStream::close (67 bytes)
Event: 2.833 Thread 0x00000260825e15f0 nmethod 1924 0x00000260ee197390 code [0x00000260ee1975e0, 0x00000260ee197e30]
Event: 2.833 Thread 0x00000260825e15f0 1925       3       java.util.zip.InflaterInputStream::close (34 bytes)
Event: 2.833 Thread 0x00000260825e15f0 nmethod 1925 0x00000260ee198210 code [0x00000260ee1983e0, 0x00000260ee198680]
Event: 2.833 Thread 0x00000260825e15f0 1926       3       java.util.zip.ZipUtils::CENTIM (9 bytes)
Event: 2.833 Thread 0x00000260825e15f0 nmethod 1926 0x00000260ee198790 code [0x00000260ee198940, 0x00000260ee198c18]
Event: 2.833 Thread 0x00000260825e15f0 1927       3       java.util.zip.ZipUtils::CENCRC (9 bytes)
Event: 2.833 Thread 0x00000260825e15f0 nmethod 1927 0x00000260ee198d90 code [0x00000260ee198f40, 0x00000260ee199218]
Event: 2.834 Thread 0x00000260825e15f0 1928       3       java.util.zip.ZipUtils::CENVEM_FA (8 bytes)
Event: 2.834 Thread 0x00000260825e15f0 nmethod 1928 0x00000260ee199390 code [0x00000260ee199540, 0x00000260ee1996b8]
Event: 2.834 Thread 0x00000260825e15f0 1929       3       java.util.zip.ZipUtils::CH (8 bytes)
Event: 2.834 Thread 0x00000260825e15f0 nmethod 1929 0x00000260ee199790 code [0x00000260ee199920, 0x00000260ee199a38]
Event: 2.834 Thread 0x00000260825e15f0 1930       3       java.util.zip.ZipEntry::<init> (84 bytes)
Event: 2.834 Thread 0x00000260825e15f0 nmethod 1930 0x00000260ee199b10 code [0x00000260ee199d00, 0x00000260ee19a270]
Event: 2.836 Thread 0x00000260825e15f0 1931       3       java.lang.invoke.DirectMethodHandle::make (21 bytes)
Event: 2.837 Thread 0x00000260825e15f0 nmethod 1931 0x00000260ee19a490 code [0x00000260ee19a660, 0x00000260ee19a948]
Event: 2.841 Thread 0x00000260825d9a50 1932       4       java.util.StringTokenizer::scanToken (179 bytes)
Event: 2.846 Thread 0x00000260825d9a50 nmethod 1932 0x00000260f5a2e390 code [0x00000260f5a2e580, 0x00000260f5a2eba8]

GC Heap History (6 events):
Event: 2.214 GC heap before
{Heap before GC invocations=0 (full 0):
 garbage-first heap   total 96256K, used 14336K [0x00000000a2200000, 0x0000000100000000)
  region size 1024K, 13 young (13312K), 0 survivors (0K)
 Metaspace       used 11173K, committed 11456K, reserved 1114112K
  class space    used 1277K, committed 1408K, reserved 1048576K
}
Event: 2.228 GC heap after
{Heap after GC invocations=1 (full 1):
 garbage-first heap   total 20480K, used 5181K [0x00000000a2200000, 0x0000000100000000)
  region size 1024K, 0 young (0K), 0 survivors (0K)
 Metaspace       used 11173K, committed 11456K, reserved 1114112K
  class space    used 1277K, committed 1408K, reserved 1048576K
}
Event: 2.230 GC heap before
{Heap before GC invocations=1 (full 1):
 garbage-first heap   total 20480K, used 5181K [0x00000000a2200000, 0x0000000100000000)
  region size 1024K, 0 young (0K), 0 survivors (0K)
 Metaspace       used 11173K, committed 11456K, reserved 1114112K
  class space    used 1277K, committed 1408K, reserved 1048576K
}
Event: 2.237 GC heap after
{Heap after GC invocations=2 (full 2):
 garbage-first heap   total 20480K, used 5181K [0x00000000a2200000, 0x0000000100000000)
  region size 1024K, 0 young (0K), 0 survivors (0K)
 Metaspace       used 11173K, committed 11456K, reserved 1114112K
  class space    used 1277K, committed 1408K, reserved 1048576K
}
Event: 2.660 GC heap before
{Heap before GC invocations=2 (full 2):
 garbage-first heap   total 20480K, used 10301K [0x00000000a2200000, 0x0000000100000000)
  region size 1024K, 6 young (6144K), 0 survivors (0K)
 Metaspace       used 12946K, committed 13248K, reserved 1114112K
  class space    used 1407K, committed 1536K, reserved 1048576K
}
Event: 2.661 GC heap after
{Heap after GC invocations=3 (full 2):
 garbage-first heap   total 20480K, used 6535K [0x00000000a2200000, 0x0000000100000000)
  region size 1024K, 1 young (1024K), 1 survivors (1024K)
 Metaspace       used 12946K, committed 13248K, reserved 1114112K
  class space    used 1407K, committed 1536K, reserved 1048576K
}

Dll operation events (12 events):
Event: 0.008 Loaded shared library C:\Program Files\jmonkeyplatform\jdk\bin\java.dll
Event: 0.035 Loaded shared library C:\Program Files\jmonkeyplatform\jdk\bin\jsvml.dll
Event: 0.069 Loaded shared library C:\Program Files\jmonkeyplatform\jdk\bin\net.dll
Event: 0.071 Loaded shared library C:\Program Files\jmonkeyplatform\jdk\bin\nio.dll
Event: 0.087 Loaded shared library C:\Program Files\jmonkeyplatform\jdk\bin\zip.dll
Event: 0.129 Loaded shared library C:\Program Files\jmonkeyplatform\jdk\bin\jimage.dll
Event: 0.182 Loaded shared library C:\Program Files\jmonkeyplatform\jdk\bin\awt.dll
Event: 0.356 Loaded shared library C:\Program Files\jmonkeyplatform\jdk\bin\prefs.dll
Event: 0.510 Loaded shared library C:\Program Files\jmonkeyplatform\jdk\bin\freetype.dll
Event: 0.511 Loaded shared library C:\Program Files\jmonkeyplatform\jdk\bin\fontmanager.dll
Event: 2.337 Loaded shared library C:\Users\dayan\AppData\Local\Temp\jme3\natives_94d00869\OpenAL64.dll
Event: 2.350 Loaded shared library C:\Users\dayan\AppData\Local\Temp\jme3\natives_94d00869\lwjgl64.dll

Deoptimization events (20 events):
Event: 2.788 Thread 0x00000260c85f8410 Uncommon trap: trap_request=0xffffff45 fr.pc=0x00000260f59d718c relative=0x00000000000000ec
Event: 2.788 Thread 0x00000260c85f8410 Uncommon trap: reason=unstable_if action=reinterpret pc=0x00000260f59d718c method=java.lang.String.getBytes([BIB)V @ 5 c2
Event: 2.788 Thread 0x00000260c85f8410 DEOPT PACKING pc=0x00000260f59d718c sp=0x000000cb4c7fe810
Event: 2.788 Thread 0x00000260c85f8410 DEOPT UNPACKING pc=0x00000260f54446a2 sp=0x000000cb4c7fe7b8 mode 2
Event: 2.802 Thread 0x00000260c85f8410 Uncommon trap: trap_request=0xffffffbe fr.pc=0x00000260f5a2aea4 relative=0x00000000000009c4
Event: 2.802 Thread 0x00000260c85f8410 Uncommon trap: reason=profile_predicate action=maybe_recompile pc=0x00000260f5a2aea4 method=java.util.regex.Pattern$Start.match(Ljava/util/regex/Matcher;ILjava/lang/CharSequence;)Z @ 34 c2
Event: 2.802 Thread 0x00000260c85f8410 DEOPT PACKING pc=0x00000260f5a2aea4 sp=0x000000cb4c7fea20
Event: 2.802 Thread 0x00000260c85f8410 DEOPT UNPACKING pc=0x00000260f54446a2 sp=0x000000cb4c7fe970 mode 2
Event: 2.804 Thread 0x00000260c85f8410 Uncommon trap: trap_request=0xffffffbe fr.pc=0x00000260f5a2aea4 relative=0x00000000000009c4
Event: 2.804 Thread 0x00000260c85f8410 Uncommon trap: reason=profile_predicate action=maybe_recompile pc=0x00000260f5a2aea4 method=java.util.regex.Pattern$Start.match(Ljava/util/regex/Matcher;ILjava/lang/CharSequence;)Z @ 34 c2
Event: 2.804 Thread 0x00000260c85f8410 DEOPT PACKING pc=0x00000260f5a2aea4 sp=0x000000cb4c7fea20
Event: 2.804 Thread 0x00000260c85f8410 DEOPT UNPACKING pc=0x00000260f54446a2 sp=0x000000cb4c7fe970 mode 2
Event: 2.807 Thread 0x00000260c85f8410 Uncommon trap: trap_request=0xffffffbe fr.pc=0x00000260f5a2aea4 relative=0x00000000000009c4
Event: 2.807 Thread 0x00000260c85f8410 Uncommon trap: reason=profile_predicate action=maybe_recompile pc=0x00000260f5a2aea4 method=java.util.regex.Pattern$Start.match(Ljava/util/regex/Matcher;ILjava/lang/CharSequence;)Z @ 34 c2
Event: 2.807 Thread 0x00000260c85f8410 DEOPT PACKING pc=0x00000260f5a2aea4 sp=0x000000cb4c7fea20
Event: 2.807 Thread 0x00000260c85f8410 DEOPT UNPACKING pc=0x00000260f54446a2 sp=0x000000cb4c7fe970 mode 2
Event: 2.807 Thread 0x00000260c85f8410 Uncommon trap: trap_request=0xffffffbe fr.pc=0x00000260f5a2aea4 relative=0x00000000000009c4
Event: 2.807 Thread 0x00000260c85f8410 Uncommon trap: reason=profile_predicate action=maybe_recompile pc=0x00000260f5a2aea4 method=java.util.regex.Pattern$Start.match(Ljava/util/regex/Matcher;ILjava/lang/CharSequence;)Z @ 34 c2
Event: 2.807 Thread 0x00000260c85f8410 DEOPT PACKING pc=0x00000260f5a2aea4 sp=0x000000cb4c7fea20
Event: 2.807 Thread 0x00000260c85f8410 DEOPT UNPACKING pc=0x00000260f54446a2 sp=0x000000cb4c7fe970 mode 2

Classes loaded (20 events):
Event: 2.801 Loading class java/util/NoSuchElementException
Event: 2.801 Loading class java/util/NoSuchElementException done
Event: 2.805 Loading class org/xml/sax/helpers/DefaultHandler
Event: 2.805 Loading class org/xml/sax/EntityResolver
Event: 2.805 Loading class org/xml/sax/EntityResolver done
Event: 2.805 Loading class org/xml/sax/DTDHandler
Event: 2.805 Loading class org/xml/sax/DTDHandler done
Event: 2.805 Loading class org/xml/sax/ContentHandler
Event: 2.805 Loading class org/xml/sax/ContentHandler done
Event: 2.805 Loading class org/xml/sax/ErrorHandler
Event: 2.805 Loading class org/xml/sax/ErrorHandler done
Event: 2.805 Loading class org/xml/sax/helpers/DefaultHandler done
Event: 2.805 Loading class org/xml/sax/SAXException
Event: 2.805 Loading class org/xml/sax/SAXException done
Event: 2.805 Loading class javax/xml/parsers/ParserConfigurationException
Event: 2.805 Loading class javax/xml/parsers/ParserConfigurationException done
Event: 2.818 Loading class java/awt/image/ComponentColorModel
Event: 2.818 Loading class java/awt/image/ComponentColorModel done
Event: 2.840 Loading class java/lang/ClassFormatError
Event: 2.840 Loading class java/lang/ClassFormatError done

Classes unloaded (0 events):
No events

Classes redefined (0 events):
No events

Internal exceptions (20 events):
Event: 0.177 Thread 0x00000260e3fe51a0 Exception <a 'java/lang/ClassNotFoundException'{0x00000000a7a2df78}: sun/awt/resources/spi/awtProvider> (0x00000000a7a2df78) 
thrown [s\src\hotspot\share\classfile\systemDictionary.cpp, line 312]
Event: 0.189 Thread 0x00000260e3fe51a0 Exception <a 'java/io/FileNotFoundException'{0x00000000a7a79cc8}> (0x00000000a7a79cc8) 
thrown [s\src\hotspot\share\prims\jni.cpp, line 520]
Event: 0.195 Thread 0x00000260e3fe51a0 Exception <a 'java/io/FileNotFoundException'{0x00000000a7aa4550}> (0x00000000a7aa4550) 
thrown [s\src\hotspot\share\prims\jni.cpp, line 520]
Event: 0.315 Thread 0x0000026082b798f0 Exception <a 'java/lang/NoSuchMethodError'{0x00000000a785d900}: 'java.lang.Object java.lang.invoke.DirectMethodHandle$Holder.newInvokeSpecial(java.lang.Object, java.lang.Object, java.lang.Object, java.lang.Object, java.lang.Object)'> (0x00000000a785d900) 
thrown [s\src\hotspot\share\interpreter\linkResolver.cpp, line 773]
Event: 0.320 Thread 0x0000026082b798f0 Exception <a 'java/lang/NoSuchMethodError'{0x00000000a788a528}: 'java.lang.Object java.lang.invoke.DirectMethodHandle$Holder.invokeStatic(java.lang.Object, int, java.lang.Object)'> (0x00000000a788a528) 
thrown [s\src\hotspot\share\interpreter\linkResolver.cpp, line 773]
Event: 0.336 Thread 0x0000026082b798f0 Exception <a 'java/lang/ClassNotFoundException'{0x00000000a772cd40}: com/sun/swing/internal/plaf/metal/resources/spi/metalProvider> (0x00000000a772cd40) 
thrown [s\src\hotspot\share\classfile\systemDictionary.cpp, line 312]
Event: 0.337 Thread 0x0000026082b798f0 Exception <a 'java/lang/ClassNotFoundException'{0x00000000a7731a98}: com/sun/swing/internal/plaf/basic/resources/spi/basicProvider> (0x00000000a7731a98) 
thrown [s\src\hotspot\share\classfile\systemDictionary.cpp, line 312]
Event: 0.346 Thread 0x0000026082b798f0 Exception <a 'java/lang/NoSuchMethodError'{0x00000000a7754e50}: 'int java.lang.invoke.Invokers$Holder.invokeExact_MT(java.lang.Object, java.lang.Object)'> (0x00000000a7754e50) 
thrown [s\src\hotspot\share\interpreter\linkResolver.cpp, line 773]
Event: 0.347 Thread 0x0000026082b798f0 Exception <a 'java/lang/NoSuchMethodError'{0x00000000a775bfc8}: 'java.lang.Object java.lang.invoke.DirectMethodHandle$Holder.invokeInterface(java.lang.Object, java.lang.Object)'> (0x00000000a775bfc8) 
thrown [s\src\hotspot\share\interpreter\linkResolver.cpp, line 773]
Event: 0.375 Thread 0x00000260c831cda0 Exception <a 'java/lang/NoSuchMethodError'{0x00000000a77ff1b8}: 'java.lang.Object java.lang.invoke.DirectMethodHandle$Holder.newInvokeSpecial(java.lang.Object, java.lang.Object, java.lang.Object, int, int, int, int, int)'> (0x00000000a77ff1b8) 
thrown [s\src\hotspot\share\interpreter\linkResolver.cpp, line 773]
Event: 0.489 Thread 0x0000026082b6aff0 Exception <a 'java/lang/NoSuchMethodError'{0x00000000a79f9f78}: 'void java.lang.invoke.DirectMethodHandle$Holder.invokeVirtual(java.lang.Object, java.lang.Object)'> (0x00000000a79f9f78) 
thrown [s\src\hotspot\share\interpreter\linkResolver.cpp, line 773]
Event: 0.505 Thread 0x0000026082b798f0 Exception <a 'java/lang/NoSuchMethodError'{0x00000000a75abb80}: 'void java.lang.invoke.DirectMethodHandle$Holder.invokeStaticInit(java.lang.Object)'> (0x00000000a75abb80) 
thrown [s\src\hotspot\share\interpreter\linkResolver.cpp, line 773]
Event: 2.209 Thread 0x00000260e3fe51a0 Exception <a 'java/lang/ClassNotFoundException'{0x00000000a73a1180}: sun/util/logging/resources/spi/loggingProvider> (0x00000000a73a1180) 
thrown [s\src\hotspot\share\classfile\systemDictionary.cpp, line 312]
Event: 2.253 Thread 0x00000260e3fe51a0 Exception <a 'java/lang/NoSuchMethodError'{0x00000000a35d19f0}: 'void java.lang.invoke.DirectMethodHandle$Holder.invokeStatic(java.lang.Object, java.lang.Object)'> (0x00000000a35d19f0) 
thrown [s\src\hotspot\share\interpreter\linkResolver.cpp, line 773]
Event: 2.254 Thread 0x00000260e3fe51a0 Exception <a 'java/lang/NoSuchMethodError'{0x00000000a35d4d60}: 'void java.lang.invoke.DirectMethodHandle$Holder.invokeStaticInit(java.lang.Object, java.lang.Object)'> (0x00000000a35d4d60) 
thrown [s\src\hotspot\share\interpreter\linkResolver.cpp, line 773]
Event: 2.257 Thread 0x00000260e3fe51a0 Exception <a 'java/lang/NoSuchMethodError'{0x00000000a35e2d10}: 'void java.lang.System.load(java.lang.String, java.lang.Class)'> (0x00000000a35e2d10) 
thrown [s\src\hotspot\share\interpreter\linkResolver.cpp, line 773]
Event: 2.259 Thread 0x00000260e3fe51a0 Exception <a 'java/lang/NoSuchMethodError'{0x00000000a35edc00}: 'java.lang.Object java.lang.invoke.DirectMethodHandle$Holder.invokeStatic(java.lang.Object, java.lang.Object, int)'> (0x00000000a35edc00) 
thrown [s\src\hotspot\share\interpreter\linkResolver.cpp, line 773]
Event: 2.260 Thread 0x00000260e3fe51a0 Exception <a 'java/lang/NoSuchMethodError'{0x00000000a35f88a0}: 'void java.lang.invoke.DelegatingMethodHandle$Holder.delegate(java.lang.Object, java.lang.Object, int, java.lang.Object)'> (0x00000000a35f88a0) 
thrown [s\src\hotspot\share\interpreter\linkResolver.cpp, line 773]
Event: 2.261 Thread 0x00000260e3fe51a0 Exception <a 'java/lang/NoSuchMethodError'{0x00000000a35fc7a8}: 'int java.lang.invoke.DirectMethodHandle$Holder.invokeSpecial(java.lang.Object, java.lang.Object, java.lang.Object)'> (0x00000000a35fc7a8) 
thrown [s\src\hotspot\share\interpreter\linkResolver.cpp, line 773]
Event: 2.754 Thread 0x00000260c85f8410 Exception <a 'java/lang/IncompatibleClassChangeError'{0x00000000a341fe28}: Found class java.lang.Object, but interface was expected> (0x00000000a341fe28) 
thrown [s\src\hotspot\share\interpreter\linkResolver.cpp, line 840]

ZGC Phase Switch (0 events):
No events

VM Operations (20 events):
Event: 0.203 Executing VM operation: HandshakeAllThreads (Deoptimize)
Event: 0.203 Executing VM operation: HandshakeAllThreads (Deoptimize) done
Event: 0.365 Executing VM operation: HandshakeAllThreads (Deoptimize)
Event: 0.365 Executing VM operation: HandshakeAllThreads (Deoptimize) done
Event: 0.552 Executing VM operation: HandshakeAllThreads (Deoptimize)
Event: 0.552 Executing VM operation: HandshakeAllThreads (Deoptimize) done
Event: 0.626 Executing VM operation: ICBufferFull
Event: 0.626 Executing VM operation: ICBufferFull done
Event: 0.692 Executing VM operation: HandshakeAllThreads (Deoptimize)
Event: 0.692 Executing VM operation: HandshakeAllThreads (Deoptimize) done
Event: 1.693 Executing VM operation: Cleanup
Event: 1.693 Executing VM operation: Cleanup done
Event: 2.214 Executing VM operation: G1CollectFull (System.gc())
Event: 2.228 Executing VM operation: G1CollectFull (System.gc()) done
Event: 2.228 Executing VM operation: G1CollectFull (System.gc())
Event: 2.237 Executing VM operation: G1CollectFull (System.gc()) done
Event: 2.258 Executing VM operation: HandshakeAllThreads (Deoptimize)
Event: 2.258 Executing VM operation: HandshakeAllThreads (Deoptimize) done
Event: 2.660 Executing VM operation: G1CollectForAllocation (G1 Evacuation Pause)
Event: 2.661 Executing VM operation: G1CollectForAllocation (G1 Evacuation Pause) done

Memory protections (0 events):
No events

Nmethod flushes (20 events):
Event: 2.234 Thread 0x00000260e3df0d10 flushing  nmethod 0x00000260edee2290
Event: 2.234 Thread 0x00000260e3df0d10 flushing  nmethod 0x00000260edee3b90
Event: 2.234 Thread 0x00000260e3df0d10 flushing  nmethod 0x00000260edee6110
Event: 2.234 Thread 0x00000260e3df0d10 flushing  nmethod 0x00000260edef0410
Event: 2.234 Thread 0x00000260e3df0d10 flushing  nmethod 0x00000260edef0790
Event: 2.234 Thread 0x00000260e3df0d10 flushing  nmethod 0x00000260edef1f10
Event: 2.234 Thread 0x00000260e3df0d10 flushing  nmethod 0x00000260edefca10
Event: 2.234 Thread 0x00000260e3df0d10 flushing  nmethod 0x00000260edf0fb10
Event: 2.234 Thread 0x00000260e3df0d10 flushing  nmethod 0x00000260edf10310
Event: 2.234 Thread 0x00000260e3df0d10 flushing  nmethod 0x00000260edf21e10
Event: 2.234 Thread 0x00000260e3df0d10 flushing  nmethod 0x00000260edf22690
Event: 2.234 Thread 0x00000260e3df0d10 flushing  nmethod 0x00000260edf27890
Event: 2.234 Thread 0x00000260e3df0d10 flushing  nmethod 0x00000260edf39890
Event: 2.234 Thread 0x00000260e3df0d10 flushing  nmethod 0x00000260edf7ad90
Event: 2.234 Thread 0x00000260e3df0d10 flushing  nmethod 0x00000260edfbaa10
Event: 2.234 Thread 0x00000260e3df0d10 flushing  nmethod 0x00000260edfbe810
Event: 2.234 Thread 0x00000260e3df0d10 flushing osr nmethod 0x00000260edfcce90
Event: 2.234 Thread 0x00000260e3df0d10 flushing  nmethod 0x00000260edfd8710
Event: 2.234 Thread 0x00000260e3df0d10 flushing  nmethod 0x00000260edfd8d10
Event: 2.234 Thread 0x00000260e3df0d10 flushing  nmethod 0x00000260edfddf10

Events (20 events):
Event: 0.034 Thread 0x00000260e3fe51a0 Thread added: 0x00000260825d9a50
Event: 0.034 Thread 0x00000260e3fe51a0 Thread added: 0x00000260825e15f0
Event: 0.060 Thread 0x00000260e3fe51a0 Thread added: 0x000002608263e890
Event: 0.083 Thread 0x00000260e3fe51a0 Thread added: 0x00000260828a8310
Event: 0.085 Thread 0x00000260825e15f0 Thread added: 0x000002608298e3e0
Event: 0.226 Thread 0x00000260e3fe51a0 Thread added: 0x00000260829bb630
Event: 0.227 Thread 0x00000260e3fe51a0 Thread added: 0x00000260829bbc90
Event: 0.228 Thread 0x00000260e3fe51a0 Thread added: 0x0000026082b6aff0
Event: 0.240 Thread 0x00000260e3fe51a0 Thread added: 0x0000026082b798f0
Event: 0.371 Thread 0x0000026082b798f0 Thread added: 0x00000260c831cda0
Event: 0.634 Thread 0x0000026082b798f0 Thread added: 0x00000260c8547240
Event: 0.654 Thread 0x000002608298e3e0 Thread exited: 0x000002608298e3e0
Event: 0.681 Thread 0x0000026082b798f0 Thread added: 0x00000260c858b3e0
Event: 2.275 Thread 0x00000260e3fe51a0 Thread added: 0x00000260c85f8410
Event: 2.275 Thread 0x00000260e3fe51a0 Thread exited: 0x00000260e3fe51a0
Event: 2.276 Thread 0x00000260c85f9e50 Thread added: 0x00000260c85f9e50
Event: 2.294 Thread 0x00000260825e15f0 Thread added: 0x00000260c876e900
Event: 2.309 Thread 0x00000260825e15f0 Thread added: 0x00000260c874c500
Event: 2.490 Thread 0x00000260c874c500 Thread exited: 0x00000260c874c500
Event: 2.495 Thread 0x00000260c876e900 Thread exited: 0x00000260c876e900


Dynamic libraries:
0x00007ff781dd0000 - 0x00007ff781dde000 	C:\Program Files\jmonkeyplatform\jdk\bin\java.exe
0x00007ffdc2030000 - 0x00007ffdc2247000 	C:\WINDOWS\SYSTEM32\ntdll.dll
0x00007ffdc0450000 - 0x00007ffdc0514000 	C:\WINDOWS\System32\KERNEL32.DLL
0x00007ffdbf550000 - 0x00007ffdbf923000 	C:\WINDOWS\System32\KERNELBASE.dll
0x00007ffdbfba0000 - 0x00007ffdbfcb1000 	C:\WINDOWS\System32\ucrtbase.dll
0x00007ffdb7750000 - 0x00007ffdb776e000 	C:\Program Files\jmonkeyplatform\jdk\bin\VCRUNTIME140.dll
0x00007ffdb2840000 - 0x00007ffdb2858000 	C:\Program Files\jmonkeyplatform\jdk\bin\jli.dll
0x00007ffdc05b0000 - 0x00007ffdc0761000 	C:\WINDOWS\System32\USER32.dll
0x00007ffdbf120000 - 0x00007ffdbf146000 	C:\WINDOWS\System32\win32u.dll
0x00007ffdc0060000 - 0x00007ffdc0089000 	C:\WINDOWS\System32\GDI32.dll
0x00007ffd9bbc0000 - 0x00007ffd9be5b000 	C:\WINDOWS\WinSxS\amd64_microsoft.windows.common-controls_6595b64144ccf1df_6.0.22621.5262_none_2712bde373830908\COMCTL32.dll
0x00007ffdbf420000 - 0x00007ffdbf542000 	C:\WINDOWS\System32\gdi32full.dll
0x00007ffdc01a0000 - 0x00007ffdc0247000 	C:\WINDOWS\System32\msvcrt.dll
0x00007ffdbf180000 - 0x00007ffdbf21a000 	C:\WINDOWS\System32\msvcp_win.dll
0x00007ffdc1980000 - 0x00007ffdc19b1000 	C:\WINDOWS\System32\IMM32.DLL
0x00007ffdbbb70000 - 0x00007ffdbbb7c000 	C:\Program Files\jmonkeyplatform\jdk\bin\vcruntime140_1.dll
0x00007ffd75f10000 - 0x00007ffd75f9d000 	C:\Program Files\jmonkeyplatform\jdk\bin\msvcp140.dll
0x00007ffd0fbb0000 - 0x00007ffd1093f000 	C:\Program Files\jmonkeyplatform\jdk\bin\server\jvm.dll
0x00007ffdc1d60000 - 0x00007ffdc1e11000 	C:\WINDOWS\System32\ADVAPI32.dll
0x00007ffdc0320000 - 0x00007ffdc03c7000 	C:\WINDOWS\System32\sechost.dll
0x00007ffdbf150000 - 0x00007ffdbf178000 	C:\WINDOWS\System32\bcrypt.dll
0x00007ffdc0770000 - 0x00007ffdc0884000 	C:\WINDOWS\System32\RPCRT4.dll
0x00007ffdc0520000 - 0x00007ffdc0591000 	C:\WINDOWS\System32\WS2_32.dll
0x00007ffdbeff0000 - 0x00007ffdbf03d000 	C:\WINDOWS\SYSTEM32\POWRPROF.dll
0x00007ffdbcb30000 - 0x00007ffdbcb64000 	C:\WINDOWS\SYSTEM32\WINMM.dll
0x00007ffdb70e0000 - 0x00007ffdb70ea000 	C:\WINDOWS\SYSTEM32\VERSION.dll
0x00007ffdbefd0000 - 0x00007ffdbefe3000 	C:\WINDOWS\SYSTEM32\UMPDC.dll
0x00007ffdbe130000 - 0x00007ffdbe148000 	C:\WINDOWS\SYSTEM32\kernel.appcore.dll
0x00007ffdb7740000 - 0x00007ffdb774a000 	C:\Program Files\jmonkeyplatform\jdk\bin\jimage.dll
0x00007ffdbc890000 - 0x00007ffdbcac2000 	C:\WINDOWS\SYSTEM32\DBGHELP.DLL
0x00007ffdc19c0000 - 0x00007ffdc1d53000 	C:\WINDOWS\System32\combase.dll
0x00007ffdbff80000 - 0x00007ffdc0057000 	C:\WINDOWS\System32\OLEAUT32.dll
0x00007ffdbcaf0000 - 0x00007ffdbcb22000 	C:\WINDOWS\SYSTEM32\dbgcore.DLL
0x00007ffdbf930000 - 0x00007ffdbf9ab000 	C:\WINDOWS\System32\bcryptPrimitives.dll
0x00007ffdb2460000 - 0x00007ffdb247f000 	C:\Program Files\jmonkeyplatform\jdk\bin\java.dll
0x00007ffdc10e0000 - 0x00007ffdc197d000 	C:\WINDOWS\System32\SHELL32.dll
0x00007ffdbf2e0000 - 0x00007ffdbf41f000 	C:\WINDOWS\System32\wintypes.dll
0x00007ffdbd010000 - 0x00007ffdbd92d000 	C:\WINDOWS\SYSTEM32\windows.storage.dll
0x00007ffdc0ec0000 - 0x00007ffdc0fcb000 	C:\WINDOWS\System32\SHCORE.dll
0x00007ffdc1000000 - 0x00007ffdc1066000 	C:\WINDOWS\System32\shlwapi.dll
0x00007ffdbf050000 - 0x00007ffdbf07b000 	C:\WINDOWS\SYSTEM32\profapi.dll
0x00007ffd2b1d0000 - 0x00007ffd2b2a7000 	C:\Program Files\jmonkeyplatform\jdk\bin\jsvml.dll
0x00007ffdae850000 - 0x00007ffdae860000 	C:\Program Files\jmonkeyplatform\jdk\bin\net.dll
0x00007ffdba170000 - 0x00007ffdba29c000 	C:\WINDOWS\SYSTEM32\WINHTTP.dll
0x00007ffdbe5e0000 - 0x00007ffdbe64a000 	C:\WINDOWS\system32\mswsock.dll
0x00007ffd96310000 - 0x00007ffd96326000 	C:\Program Files\jmonkeyplatform\jdk\bin\nio.dll
0x00007ffd91440000 - 0x00007ffd91458000 	C:\Program Files\jmonkeyplatform\jdk\bin\zip.dll
0x00007ffd1eed0000 - 0x00007ffd1f05e000 	C:\Program Files\jmonkeyplatform\jdk\bin\awt.dll
0x00007ffdba4d0000 - 0x00007ffdba567000 	C:\WINDOWS\SYSTEM32\apphelp.dll
0x00007ffdbc0b0000 - 0x00007ffdbc163000 	C:\WINDOWS\system32\uxtheme.dll
0x00007ffdbfd10000 - 0x00007ffdbfe6e000 	C:\WINDOWS\System32\MSCTF.dll
0x00007ffdc0d10000 - 0x00007ffdc0eb1000 	C:\WINDOWS\System32\ole32.dll
0x00007ffdbc320000 - 0x00007ffdbc34e000 	C:\WINDOWS\system32\DWMAPI.DLL
0x00007ffd43500000 - 0x00007ffd43600000 	C:\WINDOWS\system32\opengl32.dll
0x00007ffd71950000 - 0x00007ffd7197d000 	C:\WINDOWS\SYSTEM32\GLU32.dll
0x00007ffdbc1d0000 - 0x00007ffdbc207000 	C:\WINDOWS\SYSTEM32\dxcore.dll
0x00007ffd719b0000 - 0x00007ffd71b58000 	C:\WINDOWS\system32\d3d9.dll
0x00007ffdb45d0000 - 0x00007ffdb478b000 	C:\WINDOWS\System32\DriverStore\FileRepository\u0404276.inf_amd64_b6ae906c9d4ab767\B403905\aticfx64.dll
0x00007ffd1fe80000 - 0x00007ffd1feb4000 	C:\WINDOWS\System32\DriverStore\FileRepository\u0404276.inf_amd64_b6ae906c9d4ab767\B403905\atiu9p64.dll
0x00007ffd16bd0000 - 0x00007ffd17917000 	C:\WINDOWS\System32\DriverStore\FileRepository\u0404276.inf_amd64_b6ae906c9d4ab767\B403905\atiumd64.dll
0x000000006e070000 - 0x000000006ef83000 	C:\WINDOWS\System32\DriverStore\FileRepository\u0404276.inf_amd64_b6ae906c9d4ab767\B403905\atiumd6a.dll
0x00007ffdc0890000 - 0x00007ffdc0d04000 	C:\WINDOWS\System32\SETUPAPI.dll
0x00007ffdb4290000 - 0x00007ffdb42c5000 	C:\WINDOWS\SYSTEM32\amdihk64.dll
0x00007ffdb6c70000 - 0x00007ffdb6cb9000 	C:\WINDOWS\SYSTEM32\directxdatabasehelper.dll
0x00007ffdba840000 - 0x00007ffdba849000 	C:\Program Files\jmonkeyplatform\jdk\bin\prefs.dll
0x00007ffd59580000 - 0x00007ffd59607000 	C:\Program Files\jmonkeyplatform\jdk\bin\freetype.dll
0x00007ffd1f480000 - 0x00007ffd1f55b000 	C:\Program Files\jmonkeyplatform\jdk\bin\fontmanager.dll
0x00007ffdb3560000 - 0x00007ffdb36a3000 	C:\WINDOWS\SYSTEM32\textinputframework.dll
0x00007ffdb9c30000 - 0x00007ffdb9d65000 	C:\WINDOWS\SYSTEM32\CoreMessaging.dll
0x00007ffdb6120000 - 0x00007ffdb648c000 	C:\WINDOWS\SYSTEM32\CoreUIComponents.dll
0x00007ffdbe850000 - 0x00007ffdbe85c000 	C:\WINDOWS\SYSTEM32\CRYPTBASE.DLL
0x0000000180000000 - 0x0000000180064000 	C:\Users\dayan\AppData\Local\Temp\jme3\natives_94d00869\OpenAL64.dll
0x00000260cd8b0000 - 0x00000260cd903000 	C:\Users\dayan\AppData\Local\Temp\jme3\natives_94d00869\lwjgl64.dll
0x00007ffdbb530000 - 0x00007ffdbb5ec000 	C:\WINDOWS\SYSTEM32\mscms.dll
0x00007ffdc0250000 - 0x00007ffdc0300000 	C:\WINDOWS\System32\clbcatq.dll
0x00007ffdb4790000 - 0x00007ffdb47de000 	C:\Windows\System32\Windows.Internal.Graphics.Display.DisplayColorManagement.dll
0x00007ffdbed20000 - 0x00007ffdbed6e000 	C:\WINDOWS\SYSTEM32\cfgmgr32.dll
0x00007ffdb6f40000 - 0x00007ffdb7086000 	C:\Windows\System32\AppXDeploymentClient.dll
0x00007ffd90930000 - 0x00007ffd9095e000 	C:\WINDOWS\System32\DriverStore\FileRepository\u0404276.inf_amd64_b6ae906c9d4ab767\B403905\atig6pxx.dll
0x00007ffd11d50000 - 0x00007ffd1622f000 	C:\WINDOWS\System32\DriverStore\FileRepository\u0404276.inf_amd64_b6ae906c9d4ab767\B403905\atio6axx.dll
0x00007ffdbecf0000 - 0x00007ffdbed1c000 	C:\WINDOWS\SYSTEM32\DEVOBJ.dll
0x00007ffdbfb20000 - 0x00007ffdbfb9c000 	C:\WINDOWS\System32\WINTRUST.dll
0x00007ffdbf9b0000 - 0x00007ffdbfb17000 	C:\WINDOWS\System32\CRYPT32.dll
0x00007ffdbecd0000 - 0x00007ffdbece2000 	C:\WINDOWS\SYSTEM32\MSASN1.dll
0x00007ffd2a430000 - 0x00007ffd2a479000 	C:\WINDOWS\SYSTEM32\icm32.dll
0x00007ffdb5e90000 - 0x00007ffdb5f2e000 	C:\WINDOWS\System32\MMDevApi.dll
0x00007ffd765c0000 - 0x00007ffd76662000 	C:\WINDOWS\SYSTEM32\dsound.dll
0x00007ffdb2880000 - 0x00007ffdb28a9000 	C:\WINDOWS\SYSTEM32\winmmbase.dll
0x00007ffd2b750000 - 0x00007ffd2b801000 	C:\WINDOWS\SYSTEM32\ResampleDmo.DLL
0x00007ffd90920000 - 0x00007ffd9092b000 	C:\WINDOWS\SYSTEM32\msdmo.dll
0x00007ffdb4060000 - 0x00007ffdb424e000 	C:\WINDOWS\SYSTEM32\AUDIOSES.DLL

dbghelp: loaded successfully - version: 4.0.5 - missing functions: none
symbol engine: initialized successfully - sym options: 0x614 - pdb path: .;C:\Program Files\jmonkeyplatform\jdk\bin;C:\WINDOWS\SYSTEM32;C:\WINDOWS\WinSxS\amd64_microsoft.windows.common-controls_6595b64144ccf1df_6.0.22621.5262_none_2712bde373830908;C:\Program Files\jmonkeyplatform\jdk\bin\server;C:\WINDOWS\System32\DriverStore\FileRepository\u0404276.inf_amd64_b6ae906c9d4ab767\B403905;C:\Users\dayan\AppData\Local\Temp\jme3\natives_94d00869

VM Arguments:
jvm_args: -Dfile.encoding=UTF-8 --module-path=C:\Users\dayan\OneDrive\Documentos\Videojuegos\Regreso-a-Casa\build\classes 
java_command: mygame.Main
java_class_path (initial): C:\Program Files\jmonkeyplatform\jmonkeyplatform\libs\jme3-jogg-3.7.0-stable.jar;C:\Program Files\jmonkeyplatform\jmonkeyplatform\libs\j-ogg-vorbis-1.0.4.jar;C:\Program Files\jmonkeyplatform\jmonkeyplatform\libs\jme3-networking-3.7.0-stable.jar;C:\Program Files\jmonkeyplatform\jmonkeyplatform\libs\jme3-plugins-3.7.0-stable.jar;C:\Program Files\jmonkeyplatform\jmonkeyplatform\libs\gson-2.9.1.jar;C:\Program Files\jmonkeyplatform\jmonkeyplatform\libs\jme3-core-3.7.0-stable.jar;C:\Program Files\jmonkeyplatform\jmonkeyplatform\libs\jme3-desktop-3.7.0-stable.jar;C:\Program Files\jmonkeyplatform\jmonkeyplatform\libs\jme3-lwjgl-3.7.0-stable.jar;C:\Program Files\jmonkeyplatform\jmonkeyplatform\libs\jinput-2.0.9.jar;C:\Program Files\jmonkeyplatform\jmonkeyplatform\libs\jinput-2.0.9-natives-all.jar;C:\Program Files\jmonkeyplatform\jmonkeyplatform\libs\lwjgl-2.9.5.jar;C:\Program Files\jmonkeyplatform\jmonkeyplatform\libs\lwjgl-platform-2.9.5-natives-windows.jar;C:\Program Files\jmonkeyplatform\jmonkeyplatform\libs\lwjgl-platform-2.9.5-natives-linux.jar;C:\Program Files\jmonkeyplatform\jmonkeyplatform\libs\lwjgl-platform-2.9.5-natives-osx.jar;C:\Program Files\jmonkeyplatform\jmonkeyplatform\libs\jme3-effects-3.7.0-stable.jar;C:\Program Files\jmonkeyplatform\jmonkeyplatform\libs\jme3-terrain-3.7.0-stable.jar;C:\Program Files\jmonkeyplatform\jmonkeyplatform\libs\jme3-jbullet-3.7.0-stable.jar;C:\Program Files\jmonkeyplatform\jmonkeyplatform\libs\vecmath-1.5.2.jar;C:\Program Files\jmonkeyplatform\jmonkeyplatform\libs\jbullet-1.0.3.jar;C:\Program Files\jmonkeyplatform\jmonkeyplatform\libs\stack-alloc-1.0.2.jar;C:\Program Files\jmonkeyplatform\jmonkeyplatform\libs\jbullet.jar;C:\Program Files\jmonkeyplatform\jmonkeyplatform\libs\stack-alloc.jar;C:\Program Files\jmonkeyplatform\jmonkeyplatform\libs\jme3-awt-dialogs-3.7.0-stable.jar;C:\Program Files\jmonkeyplatform\jmonkeyplatform\libs\jme3-plugins-json-3.7.0-stable.jar;C:\Program Files\jmonkeyplatform\jmonkeyplatform\modules\ext\jme3-testdata.jar;C:\Users\dayan\OneDrive\Documentos\Videojuegos\Regreso-a-Casa\build\classes;C:\Users\dayan\OneDrive\Documentos\Videojuegos\Regreso-a-Casa\assets
Launcher Type: SUN_STANDARD

[Global flags]
     intx CICompilerCount                          = 4                                         {product} {ergonomic}
     uint ConcGCThreads                            = 3                                         {product} {ergonomic}
     uint G1ConcRefinementThreads                  = 10                                        {product} {ergonomic}
   size_t G1HeapRegionSize                         = 1048576                                   {product} {ergonomic}
    uintx GCDrainStackTargetSize                   = 64                                        {product} {ergonomic}
   size_t InitialHeapSize                          = 98566144                                  {product} {ergonomic}
   size_t MarkStackSize                            = 4194304                                   {product} {ergonomic}
   size_t MaxHeapSize                              = 1574961152                                {product} {ergonomic}
   size_t MaxNewSize                               = 944766976                                 {product} {ergonomic}
   size_t MinHeapDeltaBytes                        = 1048576                                   {product} {ergonomic}
   size_t MinHeapSize                              = 8388608                                   {product} {ergonomic}
    uintx NonNMethodCodeHeapSize                   = 5839372                                {pd product} {ergonomic}
    uintx NonProfiledCodeHeapSize                  = 122909434                              {pd product} {ergonomic}
    uintx ProfiledCodeHeapSize                     = 122909434                              {pd product} {ergonomic}
    uintx ReservedCodeCacheSize                    = 251658240                              {pd product} {ergonomic}
     bool SegmentedCodeCache                       = true                                      {product} {ergonomic}
   size_t SoftMaxHeapSize                          = 1574961152                             {manageable} {ergonomic}
     bool UseCompressedOops                        = true                           {product lp64_product} {ergonomic}
     bool UseG1GC                                  = true                                      {product} {ergonomic}
     bool UseLargePagesIndividualAllocation        = false                                  {pd product} {ergonomic}

Logging:
Log output configuration:
 #0: stdout all=warning uptime,level,tags foldmultilines=false
 #1: stderr all=off uptime,level,tags foldmultilines=false

Environment Variables:
JAVA_HOME=C:\Program Files\Java\jdk-1.8
PATH=C:\oraclexe\app\oracle\product\11.2.0\server\bin;C:\WINDOWS\system32;C:\WINDOWS;C:\WINDOWS\System32\Wbem;C:\WINDOWS\System32\WindowsPowerShell\v1.0\;C:\WINDOWS\System32\OpenSSH\;C:\Program Files\nodejs\;C:\Program Files\dotnet\;C:\Program Files\Microsoft SQL Server\150\Tools\Binn\;C:\Program Files\Microsoft SQL Server\Client SDK\ODBC\170\Tools\Binn\;C:\Users\dayan\OneDrive\Documentos\Maven\apache-maven-3.9.4-bin\apache-maven-3.9.4\bin;C:\Program Files (x86)\Microsoft SQL Server\150\Tools\Binn\;C:\Program Files\Microsoft SQL Server\150\DTS\Binn\;C:\Program Files (x86)\Microsoft SQL Server\160\DTS\Binn\;C:\Program Files\Azure Data Studio\bin;C:\Program Files\Git\cmd;C:\Program Files\Common Files\Oracle\Java\javapath;C:\Program Files (x86)\Common Files\Oracle\Java\java8path;C:\Program Files (x86)\Common Files\Oracle\Java\javapath;C:\TDM-GCC-64\bin;C:\Program Files (x86)\Windows Kits\10\Windows Performance Toolkit\;C:\Program Files\Java\jre1.8.0_421\bin;C:\Program Files\Java\jdk-1.8\bin;;C:\Program Files\Docker\Docker\resources\bin;C:\Program Files\MySQL\MySQL Shell 8.0\bin\;C:\Users\dayan\AppData\Local\Programs\Python\Python311\Scripts\;C:\Users\dayan\AppData\Local\Programs\Python\Python311\;C:\Users\dayan\AppData\Local\Microsoft\WindowsApps;C:\Users\dayan\AppData\Local\GitHubDesktop\bin;C:\Users\dayan\AppData\Roaming\npm;C:\Program Files\JetBrains\IntelliJ IDEA 2023.2\bin;;C:\Users\dayan\.dotnet\tools;C:\Users\dayan\AppData\Local\Programs\Microsoft VS Code\bin;C:\Program Files\Azure Data Studio\bin;C:\SQLite\sqlite-tools-win32-x86-3430100;
USERNAME=dayan
OS=Windows_NT
PROCESSOR_IDENTIFIER=AMD64 Family 23 Model 104 Stepping 1, AuthenticAMD
TMP=C:\Users\dayan\AppData\Local\Temp
TEMP=C:\Users\dayan\AppData\Local\Temp




Periodic native trim disabled

---------------  S Y S T E M  ---------------

OS:
 Windows 11 , 64 bit Build 22621 (10.0.22621.5262)
OS uptime: 0 days 8:47 hours
Hyper-V role detected

CPU: total 12 (initial active 12) (12 cores per cpu, 2 threads per core) family 23 model 104 stepping 1 microcode 0x0, cx8, cmov, fxsr, ht, mmx, 3dnowpref, sse, sse2, sse3, ssse3, sse4a, sse4.1, sse4.2, popcnt, lzcnt, tsc, tscinvbit, avx, avx2, aes, clmul, bmi1, bmi2, adx, sha, fma, vzeroupper, clflush, clflushopt, hv, rdtscp, rdpid, f16c
Processor Information for all 12 processors :
  Max Mhz: 2100, Current Mhz: 2100, Mhz Limit: 2100

Memory: 4k page, system-wide physical 6005M (928M free)
TotalPageFile size 20341M (AvailPageFile size 7469M)
current process WorkingSet (physical memory assigned to process): 155M, peak: 155M
current process commit charge ("private bytes"): 220M, peak: 238M

vm_info: OpenJDK 64-Bit Server VM (21.0.5+11-LTS) for windows-amd64 JRE (21.0.5+11-LTS), built on 2024-10-15T00:00:00Z by "admin" with MS VC++ 17.7 (VS2022)

END.
